<?xml version="1.0" encoding="utf-8"?><testsuites name="pytest tests"><testsuite name="pytest" errors="0" failures="0" skipped="0" tests="9" time="1.798" timestamp="2026-08-11T09:42:48.476943+00:00" hostname="agent-env-51a206fb-527e-4908-84f5-ead25da39e51"><testcase classname="tests.test_phase2.TestCollectAuto" name="test_collect_25000_settles_oldest_first_ACC7" time="0.538" /><testcase classname="tests.test_phase2.TestOpenTrips" name="test_open_trips_only_pending_and_sorted" time="0.565" /><testcase classname="tests.test_phase2.TestCollectAuto" name="test_trips_settled_amount_updated" time="0.047" /><testcase classname="tests.test_phase2.TestPendingFreight" name="test_buckets_and_phone" time="0.031" /><testcase classname="tests.test_phase2.TestCollectAuto" name="test_pending_freight_reflects_settlement" time="0.045" /><testcase classname="tests.test_phase2.TestCollectAuto" name="test_daily_pnl_all_time_pending_reduced" time="0.054" /><testcase classname="tests.test_phase2.TestAnnual" name="test_annual_fy_shape" time="0.403" /><testcase classname="tests.test_phase2.TestCollectManual" name="test_manual_allocations_override_auto" time="0.419" /><testcase classname="tests.test_phase2.TestOverAllocation" name="test_collect_more_than_outstanding_caps_per_trip" time="0.435" /></testsuite></testsuites>