<?xml version="1.0" encoding="utf-8"?><testsuites name="pytest tests"><testsuite name="pytest" errors="0" failures="0" skipped="0" tests="14" time="1.563" timestamp="2026-08-11T10:08:11.827066+00:00" hostname="agent-env-51a206fb-527e-4908-84f5-ead25da39e51"><testcase classname="tests.test_phase3.TestAuthEnforcement" name="test_requires_bearer[/api/pnl/vehicles-params0]" time="0.162" /><testcase classname="tests.test_phase3.TestRentedLedger" name="test_post_auto_owner_from_vehicle" time="0.155" /><testcase classname="tests.test_phase3.TestRentedLedger" name="test_list_running_outstanding" time="0.032" /><testcase classname="tests.test_phase3.TestAuthEnforcement" name="test_requires_bearer[/api/rented-ledger-None]" time="0.072" /><testcase classname="tests.test_phase3.TestRentedLedger" name="test_running_outstanding_isolated_owner" time="0.369" /><testcase classname="tests.test_phase3.TestAuthEnforcement" name="test_requires_bearer[/api/rented-ledger/summary-None]" time="0.071" /><testcase classname="tests.test_phase3.TestAuthEnforcement" name="test_requires_bearer[/api/pdf/monthly-params3]" time="0.082" /><testcase classname="tests.test_phase3.TestRentedLedger" name="test_summary_sorted_desc" time="0.070" /><testcase classname="tests.test_phase3.TestVehiclePnl" name="test_shape_and_totals" time="0.261" /><testcase classname="tests.test_phase3.TestRentedLedger" name="test_delete_removes_entry" time="0.279" /><testcase classname="tests.test_phase3.TestVehiclePnl" name="test_math_for_own_vehicle" time="0.040" /><testcase classname="tests.test_phase3.TestVehiclePnl" name="test_idle_own_vehicle_negative_emi" time="0.160" /><testcase classname="tests.test_phase3.TestPdfMonthly" name="test_pdf_returns_200_and_pdf_content" time="0.155" /><testcase classname="tests.test_phase3.TestPdfMonthly" name="test_pdf_handles_endash_categories" time="0.181" /></testsuite></testsuites>