<?xml version="1.0" encoding="utf-8"?><testsuites name="pytest tests"><testsuite name="pytest" errors="0" failures="0" skipped="0" tests="27" time="5.909" timestamp="2026-08-11T06:57:18.006477+00:00" hostname="agent-env-51a206fb-527e-4908-84f5-ead25da39e51"><testcase classname="tests.backend_test.TestAuth" name="test_health" time="0.244" /><testcase classname="tests.backend_test.TestMastersSeed" name="test_vehicles_seeded" time="0.236" /><testcase classname="tests.backend_test.TestMastersSeed" name="test_drivers_seeded" time="0.077" /><testcase classname="tests.backend_test.TestAuth" name="test_me" time="0.094" /><testcase classname="tests.backend_test.TestMastersSeed" name="test_parties_endpoint" time="0.070" /><testcase classname="tests.backend_test.TestAuth" name="test_no_token_401" time="0.113" /><testcase classname="tests.backend_test.TestMastersSeed" name="test_pertrip_categories" time="0.030" /><testcase classname="tests.backend_test.TestMastersSeed" name="test_overhead_categories" time="0.031" /><testcase classname="tests.backend_test.TestTrips" name="test_create_trip_computes" time="0.139" /><testcase classname="tests.backend_test.TestAuth" name="test_bad_token_401" time="0.107" /><testcase classname="tests.backend_test.TestMastersCRUD" name="test_vehicle_crud" time="0.241" /><testcase classname="tests.backend_test.TestTrips" name="test_list_trips_filter" time="0.028" /><testcase classname="tests.backend_test.TestTrips" name="test_update_trip" time="0.071" /><testcase classname="tests.backend_test.TestTrips" name="test_delete_trip_later" time="0.000" /><testcase classname="tests.backend_test.TestPnL" name="test_daily" time="0.050" /><testcase classname="tests.backend_test.TestPnL" name="test_monthly_income_formula" time="0.036" /><testcase classname="tests.backend_test.TestPnL" name="test_annual" time="0.038" /><testcase classname="tests.backend_test.TestMastersCRUD" name="test_party_create" time="0.102" /><testcase classname="tests.backend_test.TestPnL" name="test_pending_freight" time="0.080" /><testcase classname="tests.backend_test.TestExcel" name="test_export" time="0.102" /><testcase classname="tests.backend_test.TestMastersCRUD" name="test_driver_crud" time="0.081" /><testcase classname="tests.backend_test.TestMastersCRUD" name="test_category_crud" time="0.106" /><testcase classname="tests.backend_test.TestExcel" name="test_import_preview" time="1.475" /><testcase classname="tests.backend_test.TestOverheads" name="test_create_overhead" time="1.369" /><testcase classname="tests.backend_test.TestOverheads" name="test_delete_overhead" time="0.000" /><testcase classname="tests.backend_test.TestExcel" name="test_import_commit_idempotent" time="2.859" /><testcase classname="tests.backend_test" name="test_zzz_cleanup" time="0.203" /></testsuite></testsuites>